<?xml version="1.0" encoding="UTF-8"?>
<testng-results skipped="0" failed="0" ignored="0" total="3" passed="3">
  <reporter-output>
  </reporter-output>
  <suite name="Suite" duration-ms="5156" started-at="2021-08-01T19:00:03Z" finished-at="2021-08-01T19:00:08Z">
    <groups>
    </groups>
    <test name="Test" duration-ms="5156" started-at="2021-08-01T19:00:03Z" finished-at="2021-08-01T19:00:08Z">
      <class name="TestPackage.TestNg1">
        <test-method status="PASS" signature="config()[pri:0, instance:TestPackage.TestNg1@7225790e]" name="config" is-config="true" duration-ms="182" started-at="2021-08-02T00:30:03Z" finished-at="2021-08-02T00:30:03Z">
          <reporter-output>
          </reporter-output>
        </test-method> <!-- config -->
        <test-method status="PASS" signature="m1()[pri:0, instance:TestPackage.TestNg1@7225790e]" name="m1" duration-ms="4963" started-at="2021-08-02T00:30:03Z" finished-at="2021-08-02T00:30:08Z">
          <reporter-output>
          </reporter-output>
        </test-method> <!-- m1 -->
        <test-method status="PASS" signature="m2()[pri:0, instance:TestPackage.TestNg1@7225790e]" name="m2" duration-ms="0" started-at="2021-08-02T00:30:08Z" finished-at="2021-08-02T00:30:08Z">
          <reporter-output>
          </reporter-output>
        </test-method> <!-- m2 -->
        <test-method status="PASS" signature="m3()[pri:0, instance:TestPackage.TestNg1@7225790e]" name="m3" duration-ms="0" started-at="2021-08-02T00:30:08Z" finished-at="2021-08-02T00:30:08Z">
          <reporter-output>
          </reporter-output>
        </test-method> <!-- m3 -->
      </class> <!-- TestPackage.TestNg1 -->
    </test> <!-- Test -->
  </suite> <!-- Suite -->
</testng-results>
