<?xml version="1.0" encoding="UTF-8"?>
<testsuite xmlns:xsi="http://www.w3.org/2001/XMLSchema-instance" xsi:noNamespaceSchemaLocation="https://maven.apache.org/surefire/maven-surefire-plugin/xsd/surefire-test-report-3.0.xsd" version="3.0" name="TestSuite" time="5.338" tests="3" errors="0" skipped="0" failures="0">
  <properties>
[...]
</properties>
  <testcase name="m1" classname="TestPackage.TestNg1" time="4.969">
    <system-out><![CDATA[Firefox session started.
Google
Firefox session ended.
]]></system-out>
    <system-err><![CDATA[SLF4J: Failed to load class "org.slf4j.impl.StaticLoggerBinder".
SLF4J: Defaulting to no-operation (NOP) logger implementation
SLF4J: See http://www.slf4j.org/codes.html#StaticLoggerBinder for further details.
1627844404301	geckodriver	INFO	Listening on 127.0.0.1:12821
1627844404447	mozrunner::runner	INFO	Running command: "/Applications/Firefox.app/Contents/MacOS/firefox-bin" "--marionette" "-foreground" "-no-remote" "-profile" "/var/folders/gc/1tgjll7s2h7g87xhpnwfpb6r0000gn/T/rust_mozprofile7to1ci"
1627844404935	Marionette	INFO	Marionette enabled
console.warn: SearchSettings: "get: No settings file exists, new profile?" (new NotFoundError("Could not open the file at /var/folders/gc/1tgjll7s2h7g87xhpnwfpb6r0000gn/T/rust_mozprofile7to1ci/search.json.mozlz4", (void 0)))
console.error: BackgroundUpdate: 
  _reasonsToNotScheduleUpdates: Failed to check for Maintenance Service Registry Key: [Exception... "Component returned failure code: 0x80004001 (NS_ERROR_NOT_IMPLEMENTED) [nsIUpdateProcessor.getServiceRegKeyExists]"  nsresult: "0x80004001 (NS_ERROR_NOT_IMPLEMENTED)"  location: "JS frame :: resource://gre/modules/BackgroundUpdate.jsm :: _reasonsToNotScheduleUpdates :: line 243"  data: no]
1627844406478	Marionette	INFO	Listening on port 51851
1627844406521	Marionette	WARN	TLS certificate errors will be ignored for this session
Aug 02, 2021 12:30:06 AM org.openqa.selenium.remote.ProtocolHandshake createSession
INFO: Detected dialect: W3C
1627844408209	Marionette	INFO	Stopped listening on port 51851
console.error: Region.jsm: "Error fetching region" (new TypeError("NetworkError when attempting to fetch resource.", ""))
console.error: Region.jsm: "Failed to fetch region" (new Error("NO_RESULT", "resource://gre/modules/Region.jsm", 419))

###!!! [Parent][RunMessage] Error: Channel closing: too late to send/recv, messages will be lost

]]></system-err>
  </testcase>
  <testcase name="m2" classname="TestPackage.TestNg1" time="0">
    <system-out><![CDATA[inside m1 method.
]]></system-out>
  </testcase>
  <testcase name="m3" classname="TestPackage.TestNg1" time="0">
    <system-out><![CDATA[inside m1 method.
]]></system-out>
  </testcase>
</testsuite>